[gamerxstore.com/index08a0.html]
[backblue.gif]
[fade.gif]
[index.html]
[browser.sentry-cdn.com/6.4.1/bundle.min.js]
[www.google-analytics.com/analytics.js]
[d266key948fg17.cloudfront.net/uploads/163940724954a78f8194f645066bdc190ef757da3b.jpg]
[d266key948fg17.cloudfront.net/uploads/1605846181f78fbede1c29d5e778407c8dc97a1b07.png]
[d266key948fg17.cloudfront.net/uploads/16085157595499b0667a5a05263af2c34f8d33181a.png]
[d266key948fg17.cloudfront.net/uploads/1636471537cc9c306f7c389c185189bf3daf7260c1.png]
[d266key948fg17.cloudfront.net/uploads/16356530149871f3ad26cacfb5ad62be3af4f83078.png]
[d266key948fg17.cloudfront.net/uploads/16356530079192e6f42956c06c93882dc8f2b524f5.png]
[d266key948fg17.cloudfront.net/uploads/16356530209e46ef11b612e6f52b6e6b67f322a7af.png]
[d266key948fg17.cloudfront.net/uploads/163565302671a941e9ac48f19ce1f2ca237332eb50.png]
[d266key948fg17.cloudfront.net/uploads/1636472786ee1905a53e0b903bb72600a288d20d03.png]
[d266key948fg17.cloudfront.net/uploads/1639407689c78e7a03585f7b86da3bc6f88c44c573.png]
[d266key948fg17.cloudfront.net/uploads/1635653021ac61a7aa31f58b94c30339f142fa4242.png]
[d266key948fg17.cloudfront.net/uploads/163542468278c021e06cc778d4aef36f80e47413a2.gif]
[ajax.googleapis.com/ajax/libs/jquery/2.2.4/jquery.min.js]
[d9cshxmf0qazr.cloudfront.net/f12120c.js]
[gamerxstore.com/customTemplateGlobal.10.delayed]
[gamerxstore.com/index08a0.html]
[gamerxstore.com/customTemplateGlobal.html]
